<?xml version="1.0" encoding="UTF-8"?>
<testsuite xmlns:xsi="http://www.w3.org/2001/XMLSchema-instance" xsi:noNamespaceSchemaLocation="https://maven.apache.org/surefire/maven-surefire-plugin/xsd/surefire-test-report-3.0.xsd" version="3.0" name="ru.kireev.nifi.processors.timestamp2date.MyProcessorTest" time="0.25" tests="1" errors="0" skipped="0" failures="0">
  <properties>
    <property name="sun.desktop" value="windows"/>
    <property name="awt.toolkit" value="sun.awt.windows.WToolkit"/>
    <property name="file.encoding.pkg" value="sun.io"/>
    <property name="java.specification.version" value="1.8"/>
    <property name="sun.cpu.isalist" value="amd64"/>
    <property name="sun.jnu.encoding" value="Cp1251"/>
    <property name="java.class.path" value="E:\dev\Nifi\timestamp2date\timestamp2date-processor\nifi-timestamp2date-processors\target\test-classes;E:\dev\Nifi\timestamp2date\timestamp2date-processor\nifi-timestamp2date-processors\target\classes;C:\Users\realk\.m2\repository\org\apache\nifi\nifi-api\1.15.3\nifi-api-1.15.3.jar;C:\Users\realk\.m2\repository\org\apache\nifi\nifi-utils\1.15.3\nifi-utils-1.15.3.jar;C:\Users\realk\.m2\repository\org\apache\nifi\nifi-mock\1.15.3\nifi-mock-1.15.3.jar;C:\Users\realk\.m2\repository\org\apache\nifi\nifi-framework-api\1.15.3\nifi-framework-api-1.15.3.jar;C:\Users\realk\.m2\repository\org\apache\nifi\nifi-parameter\1.15.3\nifi-parameter-1.15.3.jar;C:\Users\realk\.m2\repository\org\apache\nifi\nifi-framework-core-api\1.15.3\nifi-framework-core-api-1.15.3.jar;C:\Users\realk\.m2\repository\org\apache\nifi\nifi-framework-nar-utils\1.15.3\nifi-framework-nar-utils-1.15.3.jar;C:\Users\realk\.m2\repository\org\apache\nifi\nifi-client-dto\1.15.3\nifi-client-dto-1.15.3.jar;C:\Users\realk\.m2\repository\io\swagger\swagger-annotations\1.6.0\swagger-annotations-1.6.0.jar;C:\Users\realk\.m2\repository\org\apache\nifi\nifi-site-to-site-client\1.15.3\nifi-site-to-site-client-1.15.3.jar;C:\Users\realk\.m2\repository\org\apache\nifi\nifi-security-utils\1.15.3\nifi-security-utils-1.15.3.jar;C:\Users\realk\.m2\repository\org\apache\nifi\nifi-security-utils-api\1.15.3\nifi-security-utils-api-1.15.3.jar;C:\Users\realk\.m2\repository\org\apache\nifi\nifi-security-kms\1.15.3\nifi-security-kms-1.15.3.jar;C:\Users\realk\.m2\repository\org\bouncycastle\bcprov-jdk15on\1.70\bcprov-jdk15on-1.70.jar;C:\Users\realk\.m2\repository\org\bouncycastle\bcpkix-jdk15on\1.70\bcpkix-jdk15on-1.70.jar;C:\Users\realk\.m2\repository\org\bouncycastle\bcutil-jdk15on\1.70\bcutil-jdk15on-1.70.jar;C:\Users\realk\.m2\repository\org\apache\nifi\nifi-properties\1.15.3\nifi-properties-1.15.3.jar;C:\Users\realk\.m2\repository\org\apache\nifi\nifi-property-utils\1.15.3\nifi-property-utils-1.15.3.jar;C:\Users\realk\.m2\repository\at\favre\lib\bcrypt\0.9.0\bcrypt-0.9.0.jar;C:\Users\realk\.m2\repository\at\favre\lib\bytes\1.3.0\bytes-1.3.0.jar;C:\Users\realk\.m2\repository\org\apache\commons\commons-configuration2\2.7\commons-configuration2-2.7.jar;C:\Users\realk\.m2\repository\org\apache\httpcomponents\httpclient\4.5.5\httpclient-4.5.5.jar;C:\Users\realk\.m2\repository\org\apache\httpcomponents\httpcore\4.4.9\httpcore-4.4.9.jar;C:\Users\realk\.m2\repository\org\apache\httpcomponents\httpasyncclient\4.1.4\httpasyncclient-4.1.4.jar;C:\Users\realk\.m2\repository\org\apache\httpcomponents\httpcore-nio\4.4.10\httpcore-nio-4.4.10.jar;C:\Users\realk\.m2\repository\org\apache\commons\commons-lang3\3.9\commons-lang3-3.9.jar;C:\Users\realk\.m2\repository\org\apache\nifi\nifi-framework-authorization\1.15.3\nifi-framework-authorization-1.15.3.jar;C:\Users\realk\.m2\repository\org\apache\nifi\registry\nifi-registry-data-model\1.15.3\nifi-registry-data-model-1.15.3.jar;C:\Users\realk\.m2\repository\javax\validation\validation-api\2.0.1.Final\validation-api-2.0.1.Final.jar;C:\Users\realk\.m2\repository\javax\ws\rs\javax.ws.rs-api\2.1\javax.ws.rs-api-2.1.jar;C:\Users\realk\.m2\repository\org\apache\nifi\registry\nifi-registry-revision-entity-model\1.15.3\nifi-registry-revision-entity-model-1.15.3.jar;C:\Users\realk\.m2\repository\org\apache\nifi\registry\nifi-registry-client\1.15.3\nifi-registry-client-1.15.3.jar;C:\Users\realk\.m2\repository\org\apache\nifi\registry\nifi-registry-security-utils\1.15.3\nifi-registry-security-utils-1.15.3.jar;C:\Users\realk\.m2\repository\org\glassfish\jersey\core\jersey-client\2.33\jersey-client-2.33.jar;C:\Users\realk\.m2\repository\jakarta\ws\rs\jakarta.ws.rs-api\2.1.6\jakarta.ws.rs-api-2.1.6.jar;C:\Users\realk\.m2\repository\org\glassfish\hk2\external\jakarta.inject\2.6.1\jakarta.inject-2.6.1.jar;C:\Users\realk\.m2\repository\org\glassfish\jersey\media\jersey-media-json-jackson\2.33\jersey-media-json-jackson-2.33.jar;C:\Users\realk\.m2\repository\org\glassfish\jersey\ext\jersey-entity-filtering\2.33\jersey-entity-filtering-2.33.jar;C:\Users\realk\.m2\repository\com\fasterxml\jackson\module\jackson-module-jaxb-annotations\2.11.3\jackson-module-jaxb-annotations-2.11.3.jar;C:\Users\realk\.m2\repository\jakarta\xml\bind\jakarta.xml.bind-api\2.3.2\jakarta.xml.bind-api-2.3.2.jar;C:\Users\realk\.m2\repository\jakarta\activation\jakarta.activation-api\1.2.1\jakarta.activation-api-1.2.1.jar;C:\Users\realk\.m2\repository\org\glassfish\jersey\inject\jersey-hk2\2.33\jersey-hk2-2.33.jar;C:\Users\realk\.m2\repository\org\glassfish\hk2\hk2-locator\2.6.1\hk2-locator-2.6.1.jar;C:\Users\realk\.m2\repository\org\glassfish\hk2\external\aopalliance-repackaged\2.6.1\aopalliance-repackaged-2.6.1.jar;C:\Users\realk\.m2\repository\org\glassfish\hk2\hk2-api\2.6.1\hk2-api-2.6.1.jar;C:\Users\realk\.m2\repository\org\glassfish\hk2\hk2-utils\2.6.1\hk2-utils-2.6.1.jar;C:\Users\realk\.m2\repository\org\javassist\javassist\3.25.0-GA\javassist-3.25.0-GA.jar;C:\Users\realk\.m2\repository\org\glassfish\jersey\core\jersey-common\2.33\jersey-common-2.33.jar;C:\Users\realk\.m2\repository\jakarta\annotation\jakarta.annotation-api\1.3.5\jakarta.annotation-api-1.3.5.jar;C:\Users\realk\.m2\repository\org\glassfish\hk2\osgi-resource-locator\1.0.3\osgi-resource-locator-1.0.3.jar;C:\Users\realk\.m2\repository\org\glassfish\jersey\media\jersey-media-multipart\2.33\jersey-media-multipart-2.33.jar;C:\Users\realk\.m2\repository\org\jvnet\mimepull\mimepull\1.9.13\mimepull-1.9.13.jar;C:\Users\realk\.m2\repository\org\apache\nifi\nifi-expression-language\1.15.3\nifi-expression-language-1.15.3.jar;C:\Users\realk\.m2\repository\org\antlr\antlr-runtime\3.5.2\antlr-runtime-3.5.2.jar;C:\Users\realk\.m2\repository\org\apache\nifi\nifi-uuid5\1.15.3\nifi-uuid5-1.15.3.jar;C:\Users\realk\.m2\repository\com\jayway\jsonpath\json-path\2.6.0\json-path-2.6.0.jar;C:\Users\realk\.m2\repository\net\minidev\json-smart\2.4.7\json-smart-2.4.7.jar;C:\Users\realk\.m2\repository\net\minidev\accessors-smart\2.4.7\accessors-smart-2.4.7.jar;C:\Users\realk\.m2\repository\org\ow2\asm\asm\9.1\asm-9.1.jar;C:\Users\realk\.m2\repository\com\fasterxml\jackson\core\jackson-databind\2.12.5\jackson-databind-2.12.5.jar;C:\Users\realk\.m2\repository\com\fasterxml\jackson\core\jackson-annotations\2.12.5\jackson-annotations-2.12.5.jar;C:\Users\realk\.m2\repository\com\fasterxml\jackson\core\jackson-core\2.12.5\jackson-core-2.12.5.jar;C:\Users\realk\.m2\repository\org\apache\commons\commons-text\1.8\commons-text-1.8.jar;C:\Users\realk\.m2\repository\commons-codec\commons-codec\1.14\commons-codec-1.14.jar;C:\Users\realk\.m2\repository\org\apache\nifi\nifi-data-provenance-utils\1.15.3\nifi-data-provenance-utils-1.15.3.jar;C:\Users\realk\.m2\repository\org\slf4j\slf4j-simple\1.7.32\slf4j-simple-1.7.32.jar;C:\Users\realk\.m2\repository\org\slf4j\slf4j-api\1.7.32\slf4j-api-1.7.32.jar;C:\Users\realk\.m2\repository\junit\junit\4.13.2\junit-4.13.2.jar;C:\Users\realk\.m2\repository\org\hamcrest\hamcrest-core\1.3\hamcrest-core-1.3.jar;C:\Users\realk\.m2\repository\org\junit\jupiter\junit-jupiter-api\5.7.2\junit-jupiter-api-5.7.2.jar;C:\Users\realk\.m2\repository\org\apiguardian\apiguardian-api\1.1.0\apiguardian-api-1.1.0.jar;C:\Users\realk\.m2\repository\org\opentest4j\opentest4j\1.2.0\opentest4j-1.2.0.jar;C:\Users\realk\.m2\repository\org\junit\platform\junit-platform-commons\1.7.2\junit-platform-commons-1.7.2.jar;C:\Users\realk\.m2\repository\org\junit\jupiter\junit-jupiter-engine\5.7.2\junit-jupiter-engine-5.7.2.jar;C:\Users\realk\.m2\repository\org\junit\platform\junit-platform-engine\1.7.2\junit-platform-engine-1.7.2.jar;C:\Users\realk\.m2\repository\org\junit\vintage\junit-vintage-engine\5.7.2\junit-vintage-engine-5.7.2.jar;C:\Users\realk\.m2\repository\org\mockito\mockito-core\3.11.2\mockito-core-3.11.2.jar;C:\Users\realk\.m2\repository\net\bytebuddy\byte-buddy\1.11.3\byte-buddy-1.11.3.jar;C:\Users\realk\.m2\repository\net\bytebuddy\byte-buddy-agent\1.11.3\byte-buddy-agent-1.11.3.jar;C:\Users\realk\.m2\repository\org\objenesis\objenesis\3.2\objenesis-3.2.jar;C:\Users\realk\.m2\repository\org\mockito\mockito-junit-jupiter\3.11.2\mockito-junit-jupiter-3.11.2.jar;C:\Users\realk\.m2\repository\org\codehaus\groovy\groovy-test\2.5.14\groovy-test-2.5.14.jar;C:\Users\realk\.m2\repository\org\codehaus\groovy\groovy\2.5.14\groovy-2.5.14.jar;"/>
    <property name="java.vm.vendor" value="Oracle Corporation"/>
    <property name="sun.arch.data.model" value="64"/>
    <property name="user.variant" value=""/>
    <property name="java.vendor.url" value="http://java.oracle.com/"/>
    <property name="user.timezone" value="Europe/Moscow"/>
    <property name="java.vm.specification.version" value="1.8"/>
    <property name="os.name" value="Windows 10"/>
    <property name="user.country" value="RU"/>
    <property name="sun.java.launcher" value="SUN_STANDARD"/>
    <property name="sun.boot.library.path" value="C:\Java\jdk8\jre\bin"/>
    <property name="sun.java.command" value="C:\Users\realk\AppData\Local\Temp\surefire1833869676609765412\surefirebooter6903605494962515549.jar C:\Users\realk\AppData\Local\Temp\surefire1833869676609765412 2022-02-09T20-12-31_105-jvmRun1 surefire721631331998354440tmp surefire_08758344399321494213tmp"/>
    <property name="surefire.test.class.path" value="E:\dev\Nifi\timestamp2date\timestamp2date-processor\nifi-timestamp2date-processors\target\test-classes;E:\dev\Nifi\timestamp2date\timestamp2date-processor\nifi-timestamp2date-processors\target\classes;C:\Users\realk\.m2\repository\org\apache\nifi\nifi-api\1.15.3\nifi-api-1.15.3.jar;C:\Users\realk\.m2\repository\org\apache\nifi\nifi-utils\1.15.3\nifi-utils-1.15.3.jar;C:\Users\realk\.m2\repository\org\apache\nifi\nifi-mock\1.15.3\nifi-mock-1.15.3.jar;C:\Users\realk\.m2\repository\org\apache\nifi\nifi-framework-api\1.15.3\nifi-framework-api-1.15.3.jar;C:\Users\realk\.m2\repository\org\apache\nifi\nifi-parameter\1.15.3\nifi-parameter-1.15.3.jar;C:\Users\realk\.m2\repository\org\apache\nifi\nifi-framework-core-api\1.15.3\nifi-framework-core-api-1.15.3.jar;C:\Users\realk\.m2\repository\org\apache\nifi\nifi-framework-nar-utils\1.15.3\nifi-framework-nar-utils-1.15.3.jar;C:\Users\realk\.m2\repository\org\apache\nifi\nifi-client-dto\1.15.3\nifi-client-dto-1.15.3.jar;C:\Users\realk\.m2\repository\io\swagger\swagger-annotations\1.6.0\swagger-annotations-1.6.0.jar;C:\Users\realk\.m2\repository\org\apache\nifi\nifi-site-to-site-client\1.15.3\nifi-site-to-site-client-1.15.3.jar;C:\Users\realk\.m2\repository\org\apache\nifi\nifi-security-utils\1.15.3\nifi-security-utils-1.15.3.jar;C:\Users\realk\.m2\repository\org\apache\nifi\nifi-security-utils-api\1.15.3\nifi-security-utils-api-1.15.3.jar;C:\Users\realk\.m2\repository\org\apache\nifi\nifi-security-kms\1.15.3\nifi-security-kms-1.15.3.jar;C:\Users\realk\.m2\repository\org\bouncycastle\bcprov-jdk15on\1.70\bcprov-jdk15on-1.70.jar;C:\Users\realk\.m2\repository\org\bouncycastle\bcpkix-jdk15on\1.70\bcpkix-jdk15on-1.70.jar;C:\Users\realk\.m2\repository\org\bouncycastle\bcutil-jdk15on\1.70\bcutil-jdk15on-1.70.jar;C:\Users\realk\.m2\repository\org\apache\nifi\nifi-properties\1.15.3\nifi-properties-1.15.3.jar;C:\Users\realk\.m2\repository\org\apache\nifi\nifi-property-utils\1.15.3\nifi-property-utils-1.15.3.jar;C:\Users\realk\.m2\repository\at\favre\lib\bcrypt\0.9.0\bcrypt-0.9.0.jar;C:\Users\realk\.m2\repository\at\favre\lib\bytes\1.3.0\bytes-1.3.0.jar;C:\Users\realk\.m2\repository\org\apache\commons\commons-configuration2\2.7\commons-configuration2-2.7.jar;C:\Users\realk\.m2\repository\org\apache\httpcomponents\httpclient\4.5.5\httpclient-4.5.5.jar;C:\Users\realk\.m2\repository\org\apache\httpcomponents\httpcore\4.4.9\httpcore-4.4.9.jar;C:\Users\realk\.m2\repository\org\apache\httpcomponents\httpasyncclient\4.1.4\httpasyncclient-4.1.4.jar;C:\Users\realk\.m2\repository\org\apache\httpcomponents\httpcore-nio\4.4.10\httpcore-nio-4.4.10.jar;C:\Users\realk\.m2\repository\org\apache\commons\commons-lang3\3.9\commons-lang3-3.9.jar;C:\Users\realk\.m2\repository\org\apache\nifi\nifi-framework-authorization\1.15.3\nifi-framework-authorization-1.15.3.jar;C:\Users\realk\.m2\repository\org\apache\nifi\registry\nifi-registry-data-model\1.15.3\nifi-registry-data-model-1.15.3.jar;C:\Users\realk\.m2\repository\javax\validation\validation-api\2.0.1.Final\validation-api-2.0.1.Final.jar;C:\Users\realk\.m2\repository\javax\ws\rs\javax.ws.rs-api\2.1\javax.ws.rs-api-2.1.jar;C:\Users\realk\.m2\repository\org\apache\nifi\registry\nifi-registry-revision-entity-model\1.15.3\nifi-registry-revision-entity-model-1.15.3.jar;C:\Users\realk\.m2\repository\org\apache\nifi\registry\nifi-registry-client\1.15.3\nifi-registry-client-1.15.3.jar;C:\Users\realk\.m2\repository\org\apache\nifi\registry\nifi-registry-security-utils\1.15.3\nifi-registry-security-utils-1.15.3.jar;C:\Users\realk\.m2\repository\org\glassfish\jersey\core\jersey-client\2.33\jersey-client-2.33.jar;C:\Users\realk\.m2\repository\jakarta\ws\rs\jakarta.ws.rs-api\2.1.6\jakarta.ws.rs-api-2.1.6.jar;C:\Users\realk\.m2\repository\org\glassfish\hk2\external\jakarta.inject\2.6.1\jakarta.inject-2.6.1.jar;C:\Users\realk\.m2\repository\org\glassfish\jersey\media\jersey-media-json-jackson\2.33\jersey-media-json-jackson-2.33.jar;C:\Users\realk\.m2\repository\org\glassfish\jersey\ext\jersey-entity-filtering\2.33\jersey-entity-filtering-2.33.jar;C:\Users\realk\.m2\repository\com\fasterxml\jackson\module\jackson-module-jaxb-annotations\2.11.3\jackson-module-jaxb-annotations-2.11.3.jar;C:\Users\realk\.m2\repository\jakarta\xml\bind\jakarta.xml.bind-api\2.3.2\jakarta.xml.bind-api-2.3.2.jar;C:\Users\realk\.m2\repository\jakarta\activation\jakarta.activation-api\1.2.1\jakarta.activation-api-1.2.1.jar;C:\Users\realk\.m2\repository\org\glassfish\jersey\inject\jersey-hk2\2.33\jersey-hk2-2.33.jar;C:\Users\realk\.m2\repository\org\glassfish\hk2\hk2-locator\2.6.1\hk2-locator-2.6.1.jar;C:\Users\realk\.m2\repository\org\glassfish\hk2\external\aopalliance-repackaged\2.6.1\aopalliance-repackaged-2.6.1.jar;C:\Users\realk\.m2\repository\org\glassfish\hk2\hk2-api\2.6.1\hk2-api-2.6.1.jar;C:\Users\realk\.m2\repository\org\glassfish\hk2\hk2-utils\2.6.1\hk2-utils-2.6.1.jar;C:\Users\realk\.m2\repository\org\javassist\javassist\3.25.0-GA\javassist-3.25.0-GA.jar;C:\Users\realk\.m2\repository\org\glassfish\jersey\core\jersey-common\2.33\jersey-common-2.33.jar;C:\Users\realk\.m2\repository\jakarta\annotation\jakarta.annotation-api\1.3.5\jakarta.annotation-api-1.3.5.jar;C:\Users\realk\.m2\repository\org\glassfish\hk2\osgi-resource-locator\1.0.3\osgi-resource-locator-1.0.3.jar;C:\Users\realk\.m2\repository\org\glassfish\jersey\media\jersey-media-multipart\2.33\jersey-media-multipart-2.33.jar;C:\Users\realk\.m2\repository\org\jvnet\mimepull\mimepull\1.9.13\mimepull-1.9.13.jar;C:\Users\realk\.m2\repository\org\apache\nifi\nifi-expression-language\1.15.3\nifi-expression-language-1.15.3.jar;C:\Users\realk\.m2\repository\org\antlr\antlr-runtime\3.5.2\antlr-runtime-3.5.2.jar;C:\Users\realk\.m2\repository\org\apache\nifi\nifi-uuid5\1.15.3\nifi-uuid5-1.15.3.jar;C:\Users\realk\.m2\repository\com\jayway\jsonpath\json-path\2.6.0\json-path-2.6.0.jar;C:\Users\realk\.m2\repository\net\minidev\json-smart\2.4.7\json-smart-2.4.7.jar;C:\Users\realk\.m2\repository\net\minidev\accessors-smart\2.4.7\accessors-smart-2.4.7.jar;C:\Users\realk\.m2\repository\org\ow2\asm\asm\9.1\asm-9.1.jar;C:\Users\realk\.m2\repository\com\fasterxml\jackson\core\jackson-databind\2.12.5\jackson-databind-2.12.5.jar;C:\Users\realk\.m2\repository\com\fasterxml\jackson\core\jackson-annotations\2.12.5\jackson-annotations-2.12.5.jar;C:\Users\realk\.m2\repository\com\fasterxml\jackson\core\jackson-core\2.12.5\jackson-core-2.12.5.jar;C:\Users\realk\.m2\repository\org\apache\commons\commons-text\1.8\commons-text-1.8.jar;C:\Users\realk\.m2\repository\commons-codec\commons-codec\1.14\commons-codec-1.14.jar;C:\Users\realk\.m2\repository\org\apache\nifi\nifi-data-provenance-utils\1.15.3\nifi-data-provenance-utils-1.15.3.jar;C:\Users\realk\.m2\repository\org\slf4j\slf4j-simple\1.7.32\slf4j-simple-1.7.32.jar;C:\Users\realk\.m2\repository\org\slf4j\slf4j-api\1.7.32\slf4j-api-1.7.32.jar;C:\Users\realk\.m2\repository\junit\junit\4.13.2\junit-4.13.2.jar;C:\Users\realk\.m2\repository\org\hamcrest\hamcrest-core\1.3\hamcrest-core-1.3.jar;C:\Users\realk\.m2\repository\org\junit\jupiter\junit-jupiter-api\5.7.2\junit-jupiter-api-5.7.2.jar;C:\Users\realk\.m2\repository\org\apiguardian\apiguardian-api\1.1.0\apiguardian-api-1.1.0.jar;C:\Users\realk\.m2\repository\org\opentest4j\opentest4j\1.2.0\opentest4j-1.2.0.jar;C:\Users\realk\.m2\repository\org\junit\platform\junit-platform-commons\1.7.2\junit-platform-commons-1.7.2.jar;C:\Users\realk\.m2\repository\org\junit\jupiter\junit-jupiter-engine\5.7.2\junit-jupiter-engine-5.7.2.jar;C:\Users\realk\.m2\repository\org\junit\platform\junit-platform-engine\1.7.2\junit-platform-engine-1.7.2.jar;C:\Users\realk\.m2\repository\org\junit\vintage\junit-vintage-engine\5.7.2\junit-vintage-engine-5.7.2.jar;C:\Users\realk\.m2\repository\org\mockito\mockito-core\3.11.2\mockito-core-3.11.2.jar;C:\Users\realk\.m2\repository\net\bytebuddy\byte-buddy\1.11.3\byte-buddy-1.11.3.jar;C:\Users\realk\.m2\repository\net\bytebuddy\byte-buddy-agent\1.11.3\byte-buddy-agent-1.11.3.jar;C:\Users\realk\.m2\repository\org\objenesis\objenesis\3.2\objenesis-3.2.jar;C:\Users\realk\.m2\repository\org\mockito\mockito-junit-jupiter\3.11.2\mockito-junit-jupiter-3.11.2.jar;C:\Users\realk\.m2\repository\org\codehaus\groovy\groovy-test\2.5.14\groovy-test-2.5.14.jar;C:\Users\realk\.m2\repository\org\codehaus\groovy\groovy\2.5.14\groovy-2.5.14.jar;"/>
    <property name="sun.cpu.endian" value="little"/>
    <property name="user.home" value="C:\Users\realk"/>
    <property name="user.language" value="ru"/>
    <property name="java.specification.vendor" value="Oracle Corporation"/>
    <property name="java.home" value="C:\Java\jdk8\jre"/>
    <property name="basedir" value="E:\dev\Nifi\timestamp2date\timestamp2date-processor\nifi-timestamp2date-processors"/>
    <property name="file.separator" value="\"/>
    <property name="line.separator" value="&#10;"/>
    <property name="java.vm.specification.vendor" value="Oracle Corporation"/>
    <property name="java.specification.name" value="Java Platform API Specification"/>
    <property name="java.awt.graphicsenv" value="sun.awt.Win32GraphicsEnvironment"/>
    <property name="java.awt.headless" value="true"/>
    <property name="surefire.real.class.path" value="C:\Users\realk\AppData\Local\Temp\surefire1833869676609765412\surefirebooter6903605494962515549.jar"/>
    <property name="sun.boot.class.path" value="C:\Java\jdk8\jre\lib\resources.jar;C:\Java\jdk8\jre\lib\rt.jar;C:\Java\jdk8\jre\lib\sunrsasign.jar;C:\Java\jdk8\jre\lib\jsse.jar;C:\Java\jdk8\jre\lib\jce.jar;C:\Java\jdk8\jre\lib\charsets.jar;C:\Java\jdk8\jre\lib\jfr.jar;C:\Java\jdk8\jre\classes"/>
    <property name="user.script" value=""/>
    <property name="sun.management.compiler" value="HotSpot 64-Bit Tiered Compilers"/>
    <property name="java.runtime.version" value="1.8.0_261-b12"/>
    <property name="java.net.preferIPv4Stack" value="true"/>
    <property name="user.name" value="realk"/>
    <property name="path.separator" value=";"/>
    <property name="os.version" value="10.0"/>
    <property name="java.endorsed.dirs" value="C:\Java\jdk8\jre\lib\endorsed"/>
    <property name="java.runtime.name" value="Java(TM) SE Runtime Environment"/>
    <property name="file.encoding" value="UTF-8"/>
    <property name="java.vm.name" value="Java HotSpot(TM) 64-Bit Server VM"/>
    <property name="localRepository" value="C:\Users\realk\.m2\repository"/>
    <property name="java.vendor.url.bug" value="http://bugreport.sun.com/bugreport/"/>
    <property name="java.io.tmpdir" value="C:\Users\realk\AppData\Local\Temp\"/>
    <property name="java.version" value="1.8.0_261"/>
    <property name="user.dir" value="E:\dev\Nifi\timestamp2date\timestamp2date-processor\nifi-timestamp2date-processors"/>
    <property name="os.arch" value="amd64"/>
    <property name="java.vm.specification.name" value="Java Virtual Machine Specification"/>
    <property name="java.awt.printerjob" value="sun.awt.windows.WPrinterJob"/>
    <property name="sun.os.patch.level" value=""/>
    <property name="java.library.path" value="C:\Java\jdk8\jre\bin;C:\WINDOWS\Sun\Java\bin;C:\WINDOWS\system32;C:\WINDOWS;C:\Program Files\Common Files\Oracle\Java\javapath;C:\Program Files (x86)\Common Files\Oracle\Java\javapath;C:\WINDOWS\system32;C:\WINDOWS;C:\WINDOWS\System32\Wbem;C:\WINDOWS\System32\WindowsPowerShell\v1.0\;C:\WINDOWS\System32\OpenSSH\;c:\Java\jdk17\bin;C:\Program Files\Git\cmd;C:\Program Files (x86)\NVIDIA Corporation\PhysX\Common;C:\Program Files\NVIDIA Corporation\NVIDIA NvDLISR;E:\maven\apache-maven-3.8.4\bin;E:\nifi\nifi-1.15.3\bin;C:\Program Files\MySQL\MySQL Shell 8.0\bin\;C:\Users\realk\AppData\Local\Microsoft\WindowsApps;C:\Program Files\JetBrains\PyCharm Community Edition 2020.1.1\bin;;C:\Program Files\JetBrains\PyCharm 2020.1.1\bin;;C:\Users\realk\anaconda3\Scripts;c:\Java\jdk8\bin;C:\Program Files\heroku\bin;."/>
    <property name="java.vm.info" value="mixed mode"/>
    <property name="java.vendor" value="Oracle Corporation"/>
    <property name="java.vm.version" value="25.261-b12"/>
    <property name="java.ext.dirs" value="C:\Java\jdk8\jre\lib\ext;C:\WINDOWS\Sun\Java\lib\ext"/>
    <property name="sun.io.unicode.encoding" value="UnicodeLittle"/>
    <property name="java.class.version" value="52.0"/>
  </properties>
  <testcase name="testProcessor" classname="ru.kireev.nifi.processors.timestamp2date.MyProcessorTest" time="0.234"/>
</testsuite>